<?xml version="1.0" encoding="UTF-8"?>
<!-- Generated by org.testng.reporters.JUnitXMLReporter -->
<testsuite ignored="0" hostname="LAPTOP-RQ5ADVUS" failures="0" tests="3" name="Default test" time="18.85" errors="0" timestamp="2024-03-15T11:24:02 EET">
  <testcase classname="automationTestStoreNewTestCases.myTestCases" name="signup" time="9.217"/>
  <testcase classname="automationTestStoreNewTestCases.myTestCases" name="login" time="1.596"/>
  <testcase classname="automationTestStoreNewTestCases.myTestCases" name="addFirstTwoItems" time="6.322"/>
</testsuite> <!-- Default test -->
