<?xml version="1.0" encoding="UTF-8"?>
<testng-results ignored="0" total="3" passed="3" failed="0" skipped="0">
  <reporter-output>
  </reporter-output>
  <suite started-at="2024-03-15T11:23:43 EET" name="Default suite" finished-at="2024-03-15T11:24:02 EET" duration-ms="18850">
    <groups>
    </groups>
    <test started-at="2024-03-15T11:23:43 EET" name="Default test" finished-at="2024-03-15T11:24:02 EET" duration-ms="18850">
      <class name="automationTestStoreNewTestCases.myTestCases">
        <test-method is-config="true" signature="setup()[pri:0, instance:automationTestStoreNewTestCases.myTestCases@5e1fa5b1]" started-at="2024-03-15T11:23:43 EET" name="setup" finished-at="2024-03-15T11:23:45 EET" duration-ms="1689" status="PASS">
          <reporter-output>
          </reporter-output>
        </test-method> <!-- setup -->
        <test-method signature="signup()[pri:1, instance:automationTestStoreNewTestCases.myTestCases@5e1fa5b1]" started-at="2024-03-15T11:23:45 EET" name="signup" finished-at="2024-03-15T11:23:54 EET" duration-ms="9217" status="PASS">
          <reporter-output>
          </reporter-output>
        </test-method> <!-- signup -->
        <test-method signature="login()[pri:2, instance:automationTestStoreNewTestCases.myTestCases@5e1fa5b1]" started-at="2024-03-15T11:23:54 EET" name="login" finished-at="2024-03-15T11:23:56 EET" duration-ms="1596" status="PASS">
          <reporter-output>
          </reporter-output>
        </test-method> <!-- login -->
        <test-method signature="addFirstTwoItems()[pri:3, instance:automationTestStoreNewTestCases.myTestCases@5e1fa5b1]" started-at="2024-03-15T11:23:56 EET" name="addFirstTwoItems" finished-at="2024-03-15T11:24:02 EET" duration-ms="6322" status="PASS">
          <reporter-output>
          </reporter-output>
        </test-method> <!-- addFirstTwoItems -->
        <test-method is-config="true" signature="postTest()[pri:0, instance:automationTestStoreNewTestCases.myTestCases@5e1fa5b1]" started-at="2024-03-15T11:24:02 EET" name="postTest" finished-at="2024-03-15T11:24:02 EET" duration-ms="0" status="PASS">
          <reporter-output>
          </reporter-output>
        </test-method> <!-- postTest -->
      </class> <!-- automationTestStoreNewTestCases.myTestCases -->
    </test> <!-- Default test -->
  </suite> <!-- Default suite -->
</testng-results>
